[0.000000] (-) TimerEvent: {}
[0.000943] (drive_base_msgs) JobQueued: {'identifier': 'drive_base_msgs', 'dependencies': OrderedDict()}
[0.001228] (linorobot2) JobQueued: {'identifier': 'linorobot2', 'dependencies': OrderedDict()}
[0.002092] (linorobot2_base) JobQueued: {'identifier': 'linorobot2_base', 'dependencies': OrderedDict()}
[0.002574] (linorobot2_description) JobQueued: {'identifier': 'linorobot2_description', 'dependencies': OrderedDict()}
[0.003057] (linorobot2_navigation) JobQueued: {'identifier': 'linorobot2_navigation', 'dependencies': OrderedDict()}
[0.003214] (micro_ros_msgs) JobQueued: {'identifier': 'micro_ros_msgs', 'dependencies': OrderedDict()}
[0.003453] (micro_ros_setup) JobQueued: {'identifier': 'micro_ros_setup', 'dependencies': OrderedDict()}
[0.003579] (micro_ros_agent) JobQueued: {'identifier': 'micro_ros_agent', 'dependencies': OrderedDict([('micro_ros_msgs', '/home/ubuntu/linorobot2_ws/install/micro_ros_msgs')])}
[0.003733] (linorobot2_bringup) JobQueued: {'identifier': 'linorobot2_bringup', 'dependencies': OrderedDict([('micro_ros_msgs', '/home/ubuntu/linorobot2_ws/install/micro_ros_msgs'), ('micro_ros_agent', '/home/ubuntu/linorobot2_ws/install/micro_ros_agent')])}
[0.003849] (micro_ros_msgs) JobStarted: {'identifier': 'micro_ros_msgs'}
[0.035299] (drive_base_msgs) JobStarted: {'identifier': 'drive_base_msgs'}
[0.062524] (linorobot2) JobStarted: {'identifier': 'linorobot2'}
[0.089351] (linorobot2_base) JobStarted: {'identifier': 'linorobot2_base'}
[0.100517] (-) TimerEvent: {}
[0.127379] (micro_ros_msgs) JobProgress: {'identifier': 'micro_ros_msgs', 'progress': 'cmake'}
[0.128393] (micro_ros_msgs) Command: {'cmd': ['/usr/bin/cmake', '/home/ubuntu/linorobot2_ws/src/uros/micro_ros_msgs', '-DCMAKE_INSTALL_PREFIX=/home/ubuntu/linorobot2_ws/install/micro_ros_msgs'], 'cwd': '/home/ubuntu/linorobot2_ws/build/micro_ros_msgs', 'env': OrderedDict([('LINOROBOT2_BASE', '2wd'), ('LESSOPEN', '| /usr/bin/lesspipe %s'), ('USER', 'ubuntu'), ('SSH_CLIENT', '169.254.53.2 36616 22'), ('LC_TIME', 'C.UTF-8'), ('XDG_SESSION_TYPE', 'tty'), ('GIT_ASKPASS', '/home/ubuntu/.vscode-server/cli/servers/Stable-f1e16e1e6214d7c44d078b1f0607b2388f29d729/server/extensions/git/dist/askpass.sh'), ('SHLVL', '2'), ('LD_LIBRARY_PATH', '/home/ubuntu/linorobot2_ws/install/micro_ros_agent/lib:/home/ubuntu/linorobot2_ws/install/micro_ros_msgs/lib:/home/ubuntu/linorobot2_ws/install/drive_base_msgs/lib:/opt/ros/foxy/opt/yaml_cpp_vendor/lib:/opt/ros/foxy/opt/rviz_ogre_vendor/lib:/opt/ros/foxy/lib/aarch64-linux-gnu:/opt/ros/foxy/lib'), ('BROWSER', '/home/ubuntu/.vscode-server/cli/servers/Stable-f1e16e1e6214d7c44d078b1f0607b2388f29d729/server/bin/helpers/browser.sh'), ('MOTD_SHOWN', 'pam'), ('HOME', '/home/ubuntu'), ('OLDPWD', '/home/ubuntu'), ('TERM_PROGRAM_VERSION', '1.91.1'), ('VSCODE_IPC_HOOK_CLI', '/run/user/1000/vscode-ipc-ad7c5837-c0d1-458b-87d0-c3e95b26bba2.sock'), ('ROS_PYTHON_VERSION', '3'), ('VSCODE_GIT_ASKPASS_MAIN', '/home/ubuntu/.vscode-server/cli/servers/Stable-f1e16e1e6214d7c44d078b1f0607b2388f29d729/server/extensions/git/dist/askpass-main.js'), ('LC_MONETARY', 'C.UTF-8'), ('VSCODE_GIT_ASKPASS_NODE', '/home/ubuntu/.vscode-server/cli/servers/Stable-f1e16e1e6214d7c44d078b1f0607b2388f29d729/server/node'), ('SSL_CERT_FILE', '/usr/lib/ssl/certs/ca-certificates.crt'), ('DBUS_SESSION_BUS_ADDRESS', 'unix:path=/run/user/1000/bus'), ('COLORTERM', 'truecolor'), ('COLCON_PREFIX_PATH', '/home/ubuntu/linorobot2_ws/install'), ('ROS_DISTRO', 'foxy'), ('LOGNAME', 'ubuntu'), ('_', '/usr/bin/colcon'), ('ROS_VERSION', '2'), ('XDG_SESSION_CLASS', 'user'), ('TERM', 'xterm-256color'), ('XDG_SESSION_ID', '1'), ('ROS_LOCALHOST_ONLY', '0'), ('PATH', '/home/ubuntu/.vscode-server/cli/servers/Stable-f1e16e1e6214d7c44d078b1f0607b2388f29d729/server/bin/remote-cli:/opt/ros/foxy/bin:/usr/local/sbin:/usr/local/bin:/usr/sbin:/usr/bin:/sbin:/bin:/usr/games:/usr/local/games:/snap/bin:/home/ubuntu/.platformio/penv/bin:/home/ubuntu/.platformio/penv/bin'), ('LC_ADDRESS', 'C.UTF-8'), ('XDG_RUNTIME_DIR', '/run/user/1000'), ('SSL_CERT_DIR', '/usr/lib/ssl/certs'), ('LANG', 'C.UTF-8'), ('LC_TELEPHONE', 'C.UTF-8'), ('LS_COLORS', 'rs=0:di=01;34:ln=01;36:mh=00:pi=40;33:so=01;35:do=01;35:bd=40;33;01:cd=40;33;01:or=40;31;01:mi=00:su=37;41:sg=30;43:ca=30;41:tw=30;42:ow=34;42:st=37;44:ex=01;32:*.tar=01;31:*.tgz=01;31:*.arc=01;31:*.arj=01;31:*.taz=01;31:*.lha=01;31:*.lz4=01;31:*.lzh=01;31:*.lzma=01;31:*.tlz=01;31:*.txz=01;31:*.tzo=01;31:*.t7z=01;31:*.zip=01;31:*.z=01;31:*.dz=01;31:*.gz=01;31:*.lrz=01;31:*.lz=01;31:*.lzo=01;31:*.xz=01;31:*.zst=01;31:*.tzst=01;31:*.bz2=01;31:*.bz=01;31:*.tbz=01;31:*.tbz2=01;31:*.tz=01;31:*.deb=01;31:*.rpm=01;31:*.jar=01;31:*.war=01;31:*.ear=01;31:*.sar=01;31:*.rar=01;31:*.alz=01;31:*.ace=01;31:*.zoo=01;31:*.cpio=01;31:*.7z=01;31:*.rz=01;31:*.cab=01;31:*.wim=01;31:*.swm=01;31:*.dwm=01;31:*.esd=01;31:*.jpg=01;35:*.jpeg=01;35:*.mjpg=01;35:*.mjpeg=01;35:*.gif=01;35:*.bmp=01;35:*.pbm=01;35:*.pgm=01;35:*.ppm=01;35:*.tga=01;35:*.xbm=01;35:*.xpm=01;35:*.tif=01;35:*.tiff=01;35:*.png=01;35:*.svg=01;35:*.svgz=01;35:*.mng=01;35:*.pcx=01;35:*.mov=01;35:*.mpg=01;35:*.mpeg=01;35:*.m2v=01;35:*.mkv=01;35:*.webm=01;35:*.ogm=01;35:*.mp4=01;35:*.m4v=01;35:*.mp4v=01;35:*.vob=01;35:*.qt=01;35:*.nuv=01;35:*.wmv=01;35:*.asf=01;35:*.rm=01;35:*.rmvb=01;35:*.flc=01;35:*.avi=01;35:*.fli=01;35:*.flv=01;35:*.gl=01;35:*.dl=01;35:*.xcf=01;35:*.xwd=01;35:*.yuv=01;35:*.cgm=01;35:*.emf=01;35:*.ogv=01;35:*.ogx=01;35:*.aac=00;36:*.au=00;36:*.flac=00;36:*.m4a=00;36:*.mid=00;36:*.midi=00;36:*.mka=00;36:*.mp3=00;36:*.mpc=00;36:*.ogg=00;36:*.ra=00;36:*.wav=00;36:*.oga=00;36:*.opus=00;36:*.spx=00;36:*.xspf=00;36:'), ('VSCODE_GIT_IPC_HANDLE', '/run/user/1000/vscode-git-8a3714fb07.sock'), ('TERM_PROGRAM', 'vscode'), ('AMENT_PREFIX_PATH', '/home/ubuntu/linorobot2_ws/install/micro_ros_setup:/home/ubuntu/linorobot2_ws/install/linorobot2_bringup:/home/ubuntu/linorobot2_ws/install/micro_ros_agent:/home/ubuntu/linorobot2_ws/install/micro_ros_msgs:/home/ubuntu/linorobot2_ws/install/linorobot2_navigation:/home/ubuntu/linorobot2_ws/install/linorobot2_description:/home/ubuntu/linorobot2_ws/install/linorobot2_base:/home/ubuntu/linorobot2_ws/install/linorobot2:/home/ubuntu/linorobot2_ws/install/drive_base_msgs:/opt/ros/foxy'), ('SHELL', '/bin/bash'), ('LC_NAME', 'C.UTF-8'), ('LESSCLOSE', '/usr/bin/lesspipe %s %s'), ('LC_MEASUREMENT', 'C.UTF-8'), ('LC_IDENTIFICATION', 'C.UTF-8'), ('VSCODE_GIT_ASKPASS_EXTRA_ARGS', ''), ('PWD', '/home/ubuntu/linorobot2_ws/build/micro_ros_msgs'), ('SSH_CONNECTION', '169.254.53.2 36616 169.254.156.77 22'), ('XDG_DATA_DIRS', '/usr/local/share:/usr/share:/var/lib/snapd/desktop'), ('PYTHONPATH', '/home/ubuntu/linorobot2_ws/install/micro_ros_msgs/lib/python3.8/site-packages:/home/ubuntu/linorobot2_ws/install/drive_base_msgs/lib/python3.8/site-packages:/opt/ros/foxy/lib/python3.8/site-packages'), ('LC_NUMERIC', 'C.UTF-8'), ('LC_PAPER', 'C.UTF-8'), ('COLCON', '1'), ('LINOROBOT2_LASER_SENSOR', 'rplidar'), ('CMAKE_PREFIX_PATH', '/home/ubuntu/linorobot2_ws/install/micro_ros_setup:/home/ubuntu/linorobot2_ws/install/linorobot2_bringup:/home/ubuntu/linorobot2_ws/install/micro_ros_agent:/home/ubuntu/linorobot2_ws/install/micro_ros_msgs:/home/ubuntu/linorobot2_ws/install/linorobot2_navigation:/home/ubuntu/linorobot2_ws/install/linorobot2_description:/home/ubuntu/linorobot2_ws/install/linorobot2_base:/home/ubuntu/linorobot2_ws/install/linorobot2:/home/ubuntu/linorobot2_ws/install/drive_base_msgs:/opt/ros/foxy')]), 'shell': False}
[0.149371] (drive_base_msgs) JobProgress: {'identifier': 'drive_base_msgs', 'progress': 'cmake'}
[0.151471] (drive_base_msgs) Command: {'cmd': ['/usr/bin/cmake', '/home/ubuntu/linorobot2_ws/src/uros/drive_base/drive_base_msgs', '-DCMAKE_INSTALL_PREFIX=/home/ubuntu/linorobot2_ws/install/drive_base_msgs'], 'cwd': '/home/ubuntu/linorobot2_ws/build/drive_base_msgs', 'env': OrderedDict([('LINOROBOT2_BASE', '2wd'), ('LESSOPEN', '| /usr/bin/lesspipe %s'), ('USER', 'ubuntu'), ('SSH_CLIENT', '169.254.53.2 36616 22'), ('LC_TIME', 'C.UTF-8'), ('XDG_SESSION_TYPE', 'tty'), ('GIT_ASKPASS', '/home/ubuntu/.vscode-server/cli/servers/Stable-f1e16e1e6214d7c44d078b1f0607b2388f29d729/server/extensions/git/dist/askpass.sh'), ('SHLVL', '2'), ('LD_LIBRARY_PATH', '/home/ubuntu/linorobot2_ws/install/micro_ros_agent/lib:/home/ubuntu/linorobot2_ws/install/micro_ros_msgs/lib:/home/ubuntu/linorobot2_ws/install/drive_base_msgs/lib:/opt/ros/foxy/opt/yaml_cpp_vendor/lib:/opt/ros/foxy/opt/rviz_ogre_vendor/lib:/opt/ros/foxy/lib/aarch64-linux-gnu:/opt/ros/foxy/lib'), ('BROWSER', '/home/ubuntu/.vscode-server/cli/servers/Stable-f1e16e1e6214d7c44d078b1f0607b2388f29d729/server/bin/helpers/browser.sh'), ('MOTD_SHOWN', 'pam'), ('HOME', '/home/ubuntu'), ('OLDPWD', '/home/ubuntu'), ('TERM_PROGRAM_VERSION', '1.91.1'), ('VSCODE_IPC_HOOK_CLI', '/run/user/1000/vscode-ipc-ad7c5837-c0d1-458b-87d0-c3e95b26bba2.sock'), ('ROS_PYTHON_VERSION', '3'), ('VSCODE_GIT_ASKPASS_MAIN', '/home/ubuntu/.vscode-server/cli/servers/Stable-f1e16e1e6214d7c44d078b1f0607b2388f29d729/server/extensions/git/dist/askpass-main.js'), ('LC_MONETARY', 'C.UTF-8'), ('VSCODE_GIT_ASKPASS_NODE', '/home/ubuntu/.vscode-server/cli/servers/Stable-f1e16e1e6214d7c44d078b1f0607b2388f29d729/server/node'), ('SSL_CERT_FILE', '/usr/lib/ssl/certs/ca-certificates.crt'), ('DBUS_SESSION_BUS_ADDRESS', 'unix:path=/run/user/1000/bus'), ('COLORTERM', 'truecolor'), ('COLCON_PREFIX_PATH', '/home/ubuntu/linorobot2_ws/install'), ('ROS_DISTRO', 'foxy'), ('LOGNAME', 'ubuntu'), ('_', '/usr/bin/colcon'), ('ROS_VERSION', '2'), ('XDG_SESSION_CLASS', 'user'), ('TERM', 'xterm-256color'), ('XDG_SESSION_ID', '1'), ('ROS_LOCALHOST_ONLY', '0'), ('PATH', '/home/ubuntu/.vscode-server/cli/servers/Stable-f1e16e1e6214d7c44d078b1f0607b2388f29d729/server/bin/remote-cli:/opt/ros/foxy/bin:/usr/local/sbin:/usr/local/bin:/usr/sbin:/usr/bin:/sbin:/bin:/usr/games:/usr/local/games:/snap/bin:/home/ubuntu/.platformio/penv/bin:/home/ubuntu/.platformio/penv/bin'), ('LC_ADDRESS', 'C.UTF-8'), ('XDG_RUNTIME_DIR', '/run/user/1000'), ('SSL_CERT_DIR', '/usr/lib/ssl/certs'), ('LANG', 'C.UTF-8'), ('LC_TELEPHONE', 'C.UTF-8'), ('LS_COLORS', 'rs=0:di=01;34:ln=01;36:mh=00:pi=40;33:so=01;35:do=01;35:bd=40;33;01:cd=40;33;01:or=40;31;01:mi=00:su=37;41:sg=30;43:ca=30;41:tw=30;42:ow=34;42:st=37;44:ex=01;32:*.tar=01;31:*.tgz=01;31:*.arc=01;31:*.arj=01;31:*.taz=01;31:*.lha=01;31:*.lz4=01;31:*.lzh=01;31:*.lzma=01;31:*.tlz=01;31:*.txz=01;31:*.tzo=01;31:*.t7z=01;31:*.zip=01;31:*.z=01;31:*.dz=01;31:*.gz=01;31:*.lrz=01;31:*.lz=01;31:*.lzo=01;31:*.xz=01;31:*.zst=01;31:*.tzst=01;31:*.bz2=01;31:*.bz=01;31:*.tbz=01;31:*.tbz2=01;31:*.tz=01;31:*.deb=01;31:*.rpm=01;31:*.jar=01;31:*.war=01;31:*.ear=01;31:*.sar=01;31:*.rar=01;31:*.alz=01;31:*.ace=01;31:*.zoo=01;31:*.cpio=01;31:*.7z=01;31:*.rz=01;31:*.cab=01;31:*.wim=01;31:*.swm=01;31:*.dwm=01;31:*.esd=01;31:*.jpg=01;35:*.jpeg=01;35:*.mjpg=01;35:*.mjpeg=01;35:*.gif=01;35:*.bmp=01;35:*.pbm=01;35:*.pgm=01;35:*.ppm=01;35:*.tga=01;35:*.xbm=01;35:*.xpm=01;35:*.tif=01;35:*.tiff=01;35:*.png=01;35:*.svg=01;35:*.svgz=01;35:*.mng=01;35:*.pcx=01;35:*.mov=01;35:*.mpg=01;35:*.mpeg=01;35:*.m2v=01;35:*.mkv=01;35:*.webm=01;35:*.ogm=01;35:*.mp4=01;35:*.m4v=01;35:*.mp4v=01;35:*.vob=01;35:*.qt=01;35:*.nuv=01;35:*.wmv=01;35:*.asf=01;35:*.rm=01;35:*.rmvb=01;35:*.flc=01;35:*.avi=01;35:*.fli=01;35:*.flv=01;35:*.gl=01;35:*.dl=01;35:*.xcf=01;35:*.xwd=01;35:*.yuv=01;35:*.cgm=01;35:*.emf=01;35:*.ogv=01;35:*.ogx=01;35:*.aac=00;36:*.au=00;36:*.flac=00;36:*.m4a=00;36:*.mid=00;36:*.midi=00;36:*.mka=00;36:*.mp3=00;36:*.mpc=00;36:*.ogg=00;36:*.ra=00;36:*.wav=00;36:*.oga=00;36:*.opus=00;36:*.spx=00;36:*.xspf=00;36:'), ('VSCODE_GIT_IPC_HANDLE', '/run/user/1000/vscode-git-8a3714fb07.sock'), ('TERM_PROGRAM', 'vscode'), ('AMENT_PREFIX_PATH', '/home/ubuntu/linorobot2_ws/install/micro_ros_setup:/home/ubuntu/linorobot2_ws/install/linorobot2_bringup:/home/ubuntu/linorobot2_ws/install/micro_ros_agent:/home/ubuntu/linorobot2_ws/install/micro_ros_msgs:/home/ubuntu/linorobot2_ws/install/linorobot2_navigation:/home/ubuntu/linorobot2_ws/install/linorobot2_description:/home/ubuntu/linorobot2_ws/install/linorobot2_base:/home/ubuntu/linorobot2_ws/install/linorobot2:/home/ubuntu/linorobot2_ws/install/drive_base_msgs:/opt/ros/foxy'), ('SHELL', '/bin/bash'), ('LC_NAME', 'C.UTF-8'), ('LESSCLOSE', '/usr/bin/lesspipe %s %s'), ('LC_MEASUREMENT', 'C.UTF-8'), ('LC_IDENTIFICATION', 'C.UTF-8'), ('VSCODE_GIT_ASKPASS_EXTRA_ARGS', ''), ('PWD', '/home/ubuntu/linorobot2_ws/build/drive_base_msgs'), ('SSH_CONNECTION', '169.254.53.2 36616 169.254.156.77 22'), ('XDG_DATA_DIRS', '/usr/local/share:/usr/share:/var/lib/snapd/desktop'), ('PYTHONPATH', '/home/ubuntu/linorobot2_ws/install/micro_ros_msgs/lib/python3.8/site-packages:/home/ubuntu/linorobot2_ws/install/drive_base_msgs/lib/python3.8/site-packages:/opt/ros/foxy/lib/python3.8/site-packages'), ('LC_NUMERIC', 'C.UTF-8'), ('LC_PAPER', 'C.UTF-8'), ('COLCON', '1'), ('LINOROBOT2_LASER_SENSOR', 'rplidar'), ('CMAKE_PREFIX_PATH', '/home/ubuntu/linorobot2_ws/install/micro_ros_setup:/home/ubuntu/linorobot2_ws/install/linorobot2_bringup:/home/ubuntu/linorobot2_ws/install/micro_ros_agent:/home/ubuntu/linorobot2_ws/install/micro_ros_msgs:/home/ubuntu/linorobot2_ws/install/linorobot2_navigation:/home/ubuntu/linorobot2_ws/install/linorobot2_description:/home/ubuntu/linorobot2_ws/install/linorobot2_base:/home/ubuntu/linorobot2_ws/install/linorobot2:/home/ubuntu/linorobot2_ws/install/drive_base_msgs:/opt/ros/foxy')]), 'shell': False}
[0.171749] (linorobot2) JobProgress: {'identifier': 'linorobot2', 'progress': 'cmake'}
[0.173462] (linorobot2) Command: {'cmd': ['/usr/bin/cmake', '/home/ubuntu/linorobot2_ws/src/linorobot2/linorobot2', '-DCMAKE_INSTALL_PREFIX=/home/ubuntu/linorobot2_ws/install/linorobot2'], 'cwd': '/home/ubuntu/linorobot2_ws/build/linorobot2', 'env': OrderedDict([('LINOROBOT2_BASE', '2wd'), ('LESSOPEN', '| /usr/bin/lesspipe %s'), ('USER', 'ubuntu'), ('SSH_CLIENT', '169.254.53.2 36616 22'), ('LC_TIME', 'C.UTF-8'), ('XDG_SESSION_TYPE', 'tty'), ('GIT_ASKPASS', '/home/ubuntu/.vscode-server/cli/servers/Stable-f1e16e1e6214d7c44d078b1f0607b2388f29d729/server/extensions/git/dist/askpass.sh'), ('SHLVL', '2'), ('LD_LIBRARY_PATH', '/home/ubuntu/linorobot2_ws/install/micro_ros_agent/lib:/home/ubuntu/linorobot2_ws/install/micro_ros_msgs/lib:/home/ubuntu/linorobot2_ws/install/drive_base_msgs/lib:/opt/ros/foxy/opt/yaml_cpp_vendor/lib:/opt/ros/foxy/opt/rviz_ogre_vendor/lib:/opt/ros/foxy/lib/aarch64-linux-gnu:/opt/ros/foxy/lib'), ('BROWSER', '/home/ubuntu/.vscode-server/cli/servers/Stable-f1e16e1e6214d7c44d078b1f0607b2388f29d729/server/bin/helpers/browser.sh'), ('MOTD_SHOWN', 'pam'), ('HOME', '/home/ubuntu'), ('OLDPWD', '/home/ubuntu'), ('TERM_PROGRAM_VERSION', '1.91.1'), ('VSCODE_IPC_HOOK_CLI', '/run/user/1000/vscode-ipc-ad7c5837-c0d1-458b-87d0-c3e95b26bba2.sock'), ('ROS_PYTHON_VERSION', '3'), ('VSCODE_GIT_ASKPASS_MAIN', '/home/ubuntu/.vscode-server/cli/servers/Stable-f1e16e1e6214d7c44d078b1f0607b2388f29d729/server/extensions/git/dist/askpass-main.js'), ('LC_MONETARY', 'C.UTF-8'), ('VSCODE_GIT_ASKPASS_NODE', '/home/ubuntu/.vscode-server/cli/servers/Stable-f1e16e1e6214d7c44d078b1f0607b2388f29d729/server/node'), ('SSL_CERT_FILE', '/usr/lib/ssl/certs/ca-certificates.crt'), ('DBUS_SESSION_BUS_ADDRESS', 'unix:path=/run/user/1000/bus'), ('COLORTERM', 'truecolor'), ('COLCON_PREFIX_PATH', '/home/ubuntu/linorobot2_ws/install'), ('ROS_DISTRO', 'foxy'), ('LOGNAME', 'ubuntu'), ('_', '/usr/bin/colcon'), ('ROS_VERSION', '2'), ('XDG_SESSION_CLASS', 'user'), ('TERM', 'xterm-256color'), ('XDG_SESSION_ID', '1'), ('ROS_LOCALHOST_ONLY', '0'), ('PATH', '/home/ubuntu/.vscode-server/cli/servers/Stable-f1e16e1e6214d7c44d078b1f0607b2388f29d729/server/bin/remote-cli:/opt/ros/foxy/bin:/usr/local/sbin:/usr/local/bin:/usr/sbin:/usr/bin:/sbin:/bin:/usr/games:/usr/local/games:/snap/bin:/home/ubuntu/.platformio/penv/bin:/home/ubuntu/.platformio/penv/bin'), ('LC_ADDRESS', 'C.UTF-8'), ('XDG_RUNTIME_DIR', '/run/user/1000'), ('SSL_CERT_DIR', '/usr/lib/ssl/certs'), ('LANG', 'C.UTF-8'), ('LC_TELEPHONE', 'C.UTF-8'), ('LS_COLORS', 'rs=0:di=01;34:ln=01;36:mh=00:pi=40;33:so=01;35:do=01;35:bd=40;33;01:cd=40;33;01:or=40;31;01:mi=00:su=37;41:sg=30;43:ca=30;41:tw=30;42:ow=34;42:st=37;44:ex=01;32:*.tar=01;31:*.tgz=01;31:*.arc=01;31:*.arj=01;31:*.taz=01;31:*.lha=01;31:*.lz4=01;31:*.lzh=01;31:*.lzma=01;31:*.tlz=01;31:*.txz=01;31:*.tzo=01;31:*.t7z=01;31:*.zip=01;31:*.z=01;31:*.dz=01;31:*.gz=01;31:*.lrz=01;31:*.lz=01;31:*.lzo=01;31:*.xz=01;31:*.zst=01;31:*.tzst=01;31:*.bz2=01;31:*.bz=01;31:*.tbz=01;31:*.tbz2=01;31:*.tz=01;31:*.deb=01;31:*.rpm=01;31:*.jar=01;31:*.war=01;31:*.ear=01;31:*.sar=01;31:*.rar=01;31:*.alz=01;31:*.ace=01;31:*.zoo=01;31:*.cpio=01;31:*.7z=01;31:*.rz=01;31:*.cab=01;31:*.wim=01;31:*.swm=01;31:*.dwm=01;31:*.esd=01;31:*.jpg=01;35:*.jpeg=01;35:*.mjpg=01;35:*.mjpeg=01;35:*.gif=01;35:*.bmp=01;35:*.pbm=01;35:*.pgm=01;35:*.ppm=01;35:*.tga=01;35:*.xbm=01;35:*.xpm=01;35:*.tif=01;35:*.tiff=01;35:*.png=01;35:*.svg=01;35:*.svgz=01;35:*.mng=01;35:*.pcx=01;35:*.mov=01;35:*.mpg=01;35:*.mpeg=01;35:*.m2v=01;35:*.mkv=01;35:*.webm=01;35:*.ogm=01;35:*.mp4=01;35:*.m4v=01;35:*.mp4v=01;35:*.vob=01;35:*.qt=01;35:*.nuv=01;35:*.wmv=01;35:*.asf=01;35:*.rm=01;35:*.rmvb=01;35:*.flc=01;35:*.avi=01;35:*.fli=01;35:*.flv=01;35:*.gl=01;35:*.dl=01;35:*.xcf=01;35:*.xwd=01;35:*.yuv=01;35:*.cgm=01;35:*.emf=01;35:*.ogv=01;35:*.ogx=01;35:*.aac=00;36:*.au=00;36:*.flac=00;36:*.m4a=00;36:*.mid=00;36:*.midi=00;36:*.mka=00;36:*.mp3=00;36:*.mpc=00;36:*.ogg=00;36:*.ra=00;36:*.wav=00;36:*.oga=00;36:*.opus=00;36:*.spx=00;36:*.xspf=00;36:'), ('VSCODE_GIT_IPC_HANDLE', '/run/user/1000/vscode-git-8a3714fb07.sock'), ('TERM_PROGRAM', 'vscode'), ('AMENT_PREFIX_PATH', '/home/ubuntu/linorobot2_ws/install/micro_ros_setup:/home/ubuntu/linorobot2_ws/install/linorobot2_bringup:/home/ubuntu/linorobot2_ws/install/micro_ros_agent:/home/ubuntu/linorobot2_ws/install/micro_ros_msgs:/home/ubuntu/linorobot2_ws/install/linorobot2_navigation:/home/ubuntu/linorobot2_ws/install/linorobot2_description:/home/ubuntu/linorobot2_ws/install/linorobot2_base:/home/ubuntu/linorobot2_ws/install/linorobot2:/home/ubuntu/linorobot2_ws/install/drive_base_msgs:/opt/ros/foxy'), ('SHELL', '/bin/bash'), ('LC_NAME', 'C.UTF-8'), ('LESSCLOSE', '/usr/bin/lesspipe %s %s'), ('LC_MEASUREMENT', 'C.UTF-8'), ('LC_IDENTIFICATION', 'C.UTF-8'), ('VSCODE_GIT_ASKPASS_EXTRA_ARGS', ''), ('PWD', '/home/ubuntu/linorobot2_ws/build/linorobot2'), ('SSH_CONNECTION', '169.254.53.2 36616 169.254.156.77 22'), ('XDG_DATA_DIRS', '/usr/local/share:/usr/share:/var/lib/snapd/desktop'), ('PYTHONPATH', '/home/ubuntu/linorobot2_ws/install/micro_ros_msgs/lib/python3.8/site-packages:/home/ubuntu/linorobot2_ws/install/drive_base_msgs/lib/python3.8/site-packages:/opt/ros/foxy/lib/python3.8/site-packages'), ('LC_NUMERIC', 'C.UTF-8'), ('LC_PAPER', 'C.UTF-8'), ('COLCON', '1'), ('LINOROBOT2_LASER_SENSOR', 'rplidar'), ('CMAKE_PREFIX_PATH', '/home/ubuntu/linorobot2_ws/install/micro_ros_setup:/home/ubuntu/linorobot2_ws/install/linorobot2_bringup:/home/ubuntu/linorobot2_ws/install/micro_ros_agent:/home/ubuntu/linorobot2_ws/install/micro_ros_msgs:/home/ubuntu/linorobot2_ws/install/linorobot2_navigation:/home/ubuntu/linorobot2_ws/install/linorobot2_description:/home/ubuntu/linorobot2_ws/install/linorobot2_base:/home/ubuntu/linorobot2_ws/install/linorobot2:/home/ubuntu/linorobot2_ws/install/drive_base_msgs:/opt/ros/foxy')]), 'shell': False}
[0.202301] (-) TimerEvent: {}
[0.204708] (linorobot2_base) JobProgress: {'identifier': 'linorobot2_base', 'progress': 'cmake'}
[0.206123] (linorobot2_base) Command: {'cmd': ['/usr/bin/cmake', '/home/ubuntu/linorobot2_ws/src/linorobot2/linorobot2_base', '-DCMAKE_INSTALL_PREFIX=/home/ubuntu/linorobot2_ws/install/linorobot2_base'], 'cwd': '/home/ubuntu/linorobot2_ws/build/linorobot2_base', 'env': OrderedDict([('LINOROBOT2_BASE', '2wd'), ('LESSOPEN', '| /usr/bin/lesspipe %s'), ('USER', 'ubuntu'), ('SSH_CLIENT', '169.254.53.2 36616 22'), ('LC_TIME', 'C.UTF-8'), ('XDG_SESSION_TYPE', 'tty'), ('GIT_ASKPASS', '/home/ubuntu/.vscode-server/cli/servers/Stable-f1e16e1e6214d7c44d078b1f0607b2388f29d729/server/extensions/git/dist/askpass.sh'), ('SHLVL', '2'), ('LD_LIBRARY_PATH', '/home/ubuntu/linorobot2_ws/install/micro_ros_agent/lib:/home/ubuntu/linorobot2_ws/install/micro_ros_msgs/lib:/home/ubuntu/linorobot2_ws/install/drive_base_msgs/lib:/opt/ros/foxy/opt/yaml_cpp_vendor/lib:/opt/ros/foxy/opt/rviz_ogre_vendor/lib:/opt/ros/foxy/lib/aarch64-linux-gnu:/opt/ros/foxy/lib'), ('BROWSER', '/home/ubuntu/.vscode-server/cli/servers/Stable-f1e16e1e6214d7c44d078b1f0607b2388f29d729/server/bin/helpers/browser.sh'), ('MOTD_SHOWN', 'pam'), ('HOME', '/home/ubuntu'), ('OLDPWD', '/home/ubuntu'), ('TERM_PROGRAM_VERSION', '1.91.1'), ('VSCODE_IPC_HOOK_CLI', '/run/user/1000/vscode-ipc-ad7c5837-c0d1-458b-87d0-c3e95b26bba2.sock'), ('ROS_PYTHON_VERSION', '3'), ('VSCODE_GIT_ASKPASS_MAIN', '/home/ubuntu/.vscode-server/cli/servers/Stable-f1e16e1e6214d7c44d078b1f0607b2388f29d729/server/extensions/git/dist/askpass-main.js'), ('LC_MONETARY', 'C.UTF-8'), ('VSCODE_GIT_ASKPASS_NODE', '/home/ubuntu/.vscode-server/cli/servers/Stable-f1e16e1e6214d7c44d078b1f0607b2388f29d729/server/node'), ('SSL_CERT_FILE', '/usr/lib/ssl/certs/ca-certificates.crt'), ('DBUS_SESSION_BUS_ADDRESS', 'unix:path=/run/user/1000/bus'), ('COLORTERM', 'truecolor'), ('COLCON_PREFIX_PATH', '/home/ubuntu/linorobot2_ws/install'), ('ROS_DISTRO', 'foxy'), ('LOGNAME', 'ubuntu'), ('_', '/usr/bin/colcon'), ('ROS_VERSION', '2'), ('XDG_SESSION_CLASS', 'user'), ('TERM', 'xterm-256color'), ('XDG_SESSION_ID', '1'), ('ROS_LOCALHOST_ONLY', '0'), ('PATH', '/home/ubuntu/.vscode-server/cli/servers/Stable-f1e16e1e6214d7c44d078b1f0607b2388f29d729/server/bin/remote-cli:/opt/ros/foxy/bin:/usr/local/sbin:/usr/local/bin:/usr/sbin:/usr/bin:/sbin:/bin:/usr/games:/usr/local/games:/snap/bin:/home/ubuntu/.platformio/penv/bin:/home/ubuntu/.platformio/penv/bin'), ('LC_ADDRESS', 'C.UTF-8'), ('XDG_RUNTIME_DIR', '/run/user/1000'), ('SSL_CERT_DIR', '/usr/lib/ssl/certs'), ('LANG', 'C.UTF-8'), ('LC_TELEPHONE', 'C.UTF-8'), ('LS_COLORS', 'rs=0:di=01;34:ln=01;36:mh=00:pi=40;33:so=01;35:do=01;35:bd=40;33;01:cd=40;33;01:or=40;31;01:mi=00:su=37;41:sg=30;43:ca=30;41:tw=30;42:ow=34;42:st=37;44:ex=01;32:*.tar=01;31:*.tgz=01;31:*.arc=01;31:*.arj=01;31:*.taz=01;31:*.lha=01;31:*.lz4=01;31:*.lzh=01;31:*.lzma=01;31:*.tlz=01;31:*.txz=01;31:*.tzo=01;31:*.t7z=01;31:*.zip=01;31:*.z=01;31:*.dz=01;31:*.gz=01;31:*.lrz=01;31:*.lz=01;31:*.lzo=01;31:*.xz=01;31:*.zst=01;31:*.tzst=01;31:*.bz2=01;31:*.bz=01;31:*.tbz=01;31:*.tbz2=01;31:*.tz=01;31:*.deb=01;31:*.rpm=01;31:*.jar=01;31:*.war=01;31:*.ear=01;31:*.sar=01;31:*.rar=01;31:*.alz=01;31:*.ace=01;31:*.zoo=01;31:*.cpio=01;31:*.7z=01;31:*.rz=01;31:*.cab=01;31:*.wim=01;31:*.swm=01;31:*.dwm=01;31:*.esd=01;31:*.jpg=01;35:*.jpeg=01;35:*.mjpg=01;35:*.mjpeg=01;35:*.gif=01;35:*.bmp=01;35:*.pbm=01;35:*.pgm=01;35:*.ppm=01;35:*.tga=01;35:*.xbm=01;35:*.xpm=01;35:*.tif=01;35:*.tiff=01;35:*.png=01;35:*.svg=01;35:*.svgz=01;35:*.mng=01;35:*.pcx=01;35:*.mov=01;35:*.mpg=01;35:*.mpeg=01;35:*.m2v=01;35:*.mkv=01;35:*.webm=01;35:*.ogm=01;35:*.mp4=01;35:*.m4v=01;35:*.mp4v=01;35:*.vob=01;35:*.qt=01;35:*.nuv=01;35:*.wmv=01;35:*.asf=01;35:*.rm=01;35:*.rmvb=01;35:*.flc=01;35:*.avi=01;35:*.fli=01;35:*.flv=01;35:*.gl=01;35:*.dl=01;35:*.xcf=01;35:*.xwd=01;35:*.yuv=01;35:*.cgm=01;35:*.emf=01;35:*.ogv=01;35:*.ogx=01;35:*.aac=00;36:*.au=00;36:*.flac=00;36:*.m4a=00;36:*.mid=00;36:*.midi=00;36:*.mka=00;36:*.mp3=00;36:*.mpc=00;36:*.ogg=00;36:*.ra=00;36:*.wav=00;36:*.oga=00;36:*.opus=00;36:*.spx=00;36:*.xspf=00;36:'), ('VSCODE_GIT_IPC_HANDLE', '/run/user/1000/vscode-git-8a3714fb07.sock'), ('TERM_PROGRAM', 'vscode'), ('AMENT_PREFIX_PATH', '/home/ubuntu/linorobot2_ws/install/micro_ros_setup:/home/ubuntu/linorobot2_ws/install/linorobot2_bringup:/home/ubuntu/linorobot2_ws/install/micro_ros_agent:/home/ubuntu/linorobot2_ws/install/micro_ros_msgs:/home/ubuntu/linorobot2_ws/install/linorobot2_navigation:/home/ubuntu/linorobot2_ws/install/linorobot2_description:/home/ubuntu/linorobot2_ws/install/linorobot2_base:/home/ubuntu/linorobot2_ws/install/linorobot2:/home/ubuntu/linorobot2_ws/install/drive_base_msgs:/opt/ros/foxy'), ('SHELL', '/bin/bash'), ('LC_NAME', 'C.UTF-8'), ('LESSCLOSE', '/usr/bin/lesspipe %s %s'), ('LC_MEASUREMENT', 'C.UTF-8'), ('LC_IDENTIFICATION', 'C.UTF-8'), ('VSCODE_GIT_ASKPASS_EXTRA_ARGS', ''), ('PWD', '/home/ubuntu/linorobot2_ws/build/linorobot2_base'), ('SSH_CONNECTION', '169.254.53.2 36616 169.254.156.77 22'), ('XDG_DATA_DIRS', '/usr/local/share:/usr/share:/var/lib/snapd/desktop'), ('PYTHONPATH', '/home/ubuntu/linorobot2_ws/install/micro_ros_msgs/lib/python3.8/site-packages:/home/ubuntu/linorobot2_ws/install/drive_base_msgs/lib/python3.8/site-packages:/opt/ros/foxy/lib/python3.8/site-packages'), ('LC_NUMERIC', 'C.UTF-8'), ('LC_PAPER', 'C.UTF-8'), ('COLCON', '1'), ('LINOROBOT2_LASER_SENSOR', 'rplidar'), ('CMAKE_PREFIX_PATH', '/home/ubuntu/linorobot2_ws/install/micro_ros_setup:/home/ubuntu/linorobot2_ws/install/linorobot2_bringup:/home/ubuntu/linorobot2_ws/install/micro_ros_agent:/home/ubuntu/linorobot2_ws/install/micro_ros_msgs:/home/ubuntu/linorobot2_ws/install/linorobot2_navigation:/home/ubuntu/linorobot2_ws/install/linorobot2_description:/home/ubuntu/linorobot2_ws/install/linorobot2_base:/home/ubuntu/linorobot2_ws/install/linorobot2:/home/ubuntu/linorobot2_ws/install/drive_base_msgs:/opt/ros/foxy')]), 'shell': False}
[0.302532] (-) TimerEvent: {}
[0.404243] (-) TimerEvent: {}
[0.506256] (-) TimerEvent: {}
[0.607679] (-) TimerEvent: {}
[0.708925] (-) TimerEvent: {}
[0.810230] (-) TimerEvent: {}
[0.911234] (-) TimerEvent: {}
[1.012474] (-) TimerEvent: {}
[1.115579] (-) TimerEvent: {}
[1.172504] (micro_ros_msgs) StdoutLine: {'line': b'-- The C compiler identification is GNU 9.4.0\n'}
[1.173656] (linorobot2_base) StdoutLine: {'line': b'-- The C compiler identification is GNU 9.4.0\n'}
[1.174912] (drive_base_msgs) StdoutLine: {'line': b'-- The C compiler identification is GNU 9.4.0\n'}
[1.175691] (linorobot2) StdoutLine: {'line': b'-- The C compiler identification is GNU 9.4.0\n'}
[1.215701] (-) TimerEvent: {}
[1.316584] (-) TimerEvent: {}
[1.417697] (-) TimerEvent: {}
[1.518947] (-) TimerEvent: {}
[1.620019] (-) TimerEvent: {}
[1.721211] (-) TimerEvent: {}
[1.822439] (-) TimerEvent: {}
[1.923856] (-) TimerEvent: {}
[2.025541] (-) TimerEvent: {}
[2.088174] (drive_base_msgs) StdoutLine: {'line': b'-- The CXX compiler identification is GNU 9.4.0\n'}
[2.091354] (linorobot2) StdoutLine: {'line': b'-- The CXX compiler identification is GNU 9.4.0\n'}
[2.092136] (linorobot2_base) StdoutLine: {'line': b'-- The CXX compiler identification is GNU 9.4.0\n'}
[2.092669] (micro_ros_msgs) StdoutLine: {'line': b'-- The CXX compiler identification is GNU 9.4.0\n'}
[2.120185] (linorobot2_base) StdoutLine: {'line': b'-- Check for working C compiler: /usr/bin/cc\n'}
[2.121156] (linorobot2) StdoutLine: {'line': b'-- Check for working C compiler: /usr/bin/cc\n'}
[2.121807] (drive_base_msgs) StdoutLine: {'line': b'-- Check for working C compiler: /usr/bin/cc\n'}
[2.122589] (micro_ros_msgs) StdoutLine: {'line': b'-- Check for working C compiler: /usr/bin/cc\n'}
[2.125738] (-) TimerEvent: {}
[2.226694] (-) TimerEvent: {}
[2.328298] (-) TimerEvent: {}
[2.429884] (-) TimerEvent: {}
[2.531198] (-) TimerEvent: {}
[2.570014] (drive_base_msgs) StdoutLine: {'line': b'-- Check for working C compiler: /usr/bin/cc -- works\n'}
[2.574907] (micro_ros_msgs) StdoutLine: {'line': b'-- Check for working C compiler: /usr/bin/cc -- works\n'}
[2.577534] (drive_base_msgs) StdoutLine: {'line': b'-- Detecting C compiler ABI info\n'}
[2.580710] (micro_ros_msgs) StdoutLine: {'line': b'-- Detecting C compiler ABI info\n'}
[2.588060] (linorobot2) StdoutLine: {'line': b'-- Check for working C compiler: /usr/bin/cc -- works\n'}
[2.591105] (linorobot2) StdoutLine: {'line': b'-- Detecting C compiler ABI info\n'}
[2.593566] (linorobot2_base) StdoutLine: {'line': b'-- Check for working C compiler: /usr/bin/cc -- works\n'}
[2.602549] (linorobot2_base) StdoutLine: {'line': b'-- Detecting C compiler ABI info\n'}
[2.631326] (-) TimerEvent: {}
[2.733475] (-) TimerEvent: {}
[2.835773] (-) TimerEvent: {}
[2.937643] (-) TimerEvent: {}
[3.041069] (-) TimerEvent: {}
[3.052061] (micro_ros_msgs) StdoutLine: {'line': b'-- Detecting C compiler ABI info - done\n'}
[3.052700] (drive_base_msgs) StdoutLine: {'line': b'-- Detecting C compiler ABI info - done\n'}
[3.064327] (linorobot2_base) StdoutLine: {'line': b'-- Detecting C compiler ABI info - done\n'}
[3.065583] (linorobot2) StdoutLine: {'line': b'-- Detecting C compiler ABI info - done\n'}
[3.094226] (drive_base_msgs) StdoutLine: {'line': b'-- Detecting C compile features\n'}
[3.095258] (micro_ros_msgs) StdoutLine: {'line': b'-- Detecting C compile features\n'}
[3.096734] (micro_ros_msgs) StdoutLine: {'line': b'-- Detecting C compile features - done\n'}
[3.101002] (drive_base_msgs) StdoutLine: {'line': b'-- Detecting C compile features - done\n'}
[3.109570] (linorobot2_base) StdoutLine: {'line': b'-- Detecting C compile features\n'}
[3.111946] (linorobot2_base) StdoutLine: {'line': b'-- Detecting C compile features - done\n'}
[3.116158] (linorobot2) StdoutLine: {'line': b'-- Detecting C compile features\n'}
[3.117095] (drive_base_msgs) StdoutLine: {'line': b'-- Check for working CXX compiler: /usr/bin/c++\n'}
[3.117954] (linorobot2) StdoutLine: {'line': b'-- Detecting C compile features - done\n'}
[3.119406] (micro_ros_msgs) StdoutLine: {'line': b'-- Check for working CXX compiler: /usr/bin/c++\n'}
[3.126612] (linorobot2_base) StdoutLine: {'line': b'-- Check for working CXX compiler: /usr/bin/c++\n'}
[3.129035] (linorobot2) StdoutLine: {'line': b'-- Check for working CXX compiler: /usr/bin/c++\n'}
[3.138855] (drive_base_msgs) CommandEnded: {'returncode': -2}
[3.141145] (-) TimerEvent: {}
[3.151899] (drive_base_msgs) StderrLine: {'line': b'Traceback (most recent call last):\n  File "/usr/lib/python3/dist-packages/colcon_parallel_executor/executor/parallel.py", line 75, in execute\n    loop.run_until_complete(future)\n  File "/usr/lib/python3.8/asyncio/base_events.py", line 603, in run_until_complete\n    self.run_forever()\n  File "/usr/lib/python3.8/asyncio/base_events.py", line 570, in run_forever\n    self._run_once()\n  File "/usr/lib/python3.8/asyncio/base_events.py", line 1823, in _run_once\n    event_list = self._selector.select(timeout)\n  File "/usr/lib/python3.8/selectors.py", line 468, in select\n    fd_event_list = self._selector.poll(timeout, max_ev)\nKeyboardInterrupt\n\nDuring handling of the above exception, another exception occurred:\n\nTraceback (most recent call last):\n  File "/usr/lib/python3/dist-packages/colcon_core/executor/__init__.py", line 91, in __call__\n    rc = await self.task(*args, **kwargs)\n  File "/usr/lib/python3/dist-packages/colcon_core/task/__init__.py", line 93, in __call__\n    return await task_method(*args, **kwargs)\n  File "/usr/lib/python3/dist-packages/colcon_ros/task/ament_cmake/build.py", line 59, in build\n    rc = await extension.build(\n  File "/usr/lib/python3/dist-packages/colcon_cmake/task/cmake/build.py", line 87, in build\n    rc = await self._reconfigure(args, env)\n  File "/usr/lib/python3/dist-packages/colcon_cmake/task/cmake/build.py", line 182, in _reconfigure\n    buildfile = get_buildfile(cmake_cache)\n  File "/usr/lib/python3/dist-packages/colcon_cmake/task/cmake/__init__.py", line 114, in get_buildfile\n    if \'Visual Studio\' in generator:\nTypeError: argument of type \'NoneType\' is not iterable\n'}
[3.153062] (drive_base_msgs) JobEnded: {'identifier': 'drive_base_msgs', 'rc': 'SIGINT'}
[3.157128] (linorobot2) CommandEnded: {'returncode': -2}
[3.158861] (linorobot2) StderrLine: {'line': b'Traceback (most recent call last):\n  File "/usr/lib/python3/dist-packages/colcon_parallel_executor/executor/parallel.py", line 75, in execute\n    loop.run_until_complete(future)\n  File "/usr/lib/python3.8/asyncio/base_events.py", line 603, in run_until_complete\n    self.run_forever()\n  File "/usr/lib/python3.8/asyncio/base_events.py", line 570, in run_forever\n    self._run_once()\n  File "/usr/lib/python3.8/asyncio/base_events.py", line 1823, in _run_once\n    event_list = self._selector.select(timeout)\n  File "/usr/lib/python3.8/selectors.py", line 468, in select\n    fd_event_list = self._selector.poll(timeout, max_ev)\nKeyboardInterrupt\n\nDuring handling of the above exception, another exception occurred:\n\nTraceback (most recent call last):\n  File "/usr/lib/python3/dist-packages/colcon_core/executor/__init__.py", line 91, in __call__\n    rc = await self.task(*args, **kwargs)\n  File "/usr/lib/python3/dist-packages/colcon_core/task/__init__.py", line 93, in __call__\n    return await task_method(*args, **kwargs)\n  File "/usr/lib/python3/dist-packages/colcon_ros/task/ament_cmake/build.py", line 59, in build\n    rc = await extension.build(\n  File "/usr/lib/python3/dist-packages/colcon_cmake/task/cmake/build.py", line 87, in build\n    rc = await self._reconfigure(args, env)\n  File "/usr/lib/python3/dist-packages/colcon_cmake/task/cmake/build.py", line 182, in _reconfigure\n    buildfile = get_buildfile(cmake_cache)\n  File "/usr/lib/python3/dist-packages/colcon_cmake/task/cmake/__init__.py", line 114, in get_buildfile\n    if \'Visual Studio\' in generator:\nTypeError: argument of type \'NoneType\' is not iterable\n'}
[3.159684] (linorobot2) JobEnded: {'identifier': 'linorobot2', 'rc': 'SIGINT'}
[3.161460] (micro_ros_msgs) JobEnded: {'identifier': 'micro_ros_msgs', 'rc': 'SIGINT'}
[3.163462] (linorobot2_base) JobEnded: {'identifier': 'linorobot2_base', 'rc': 'SIGINT'}
[3.167712] (linorobot2_description) JobSkipped: {'identifier': 'linorobot2_description'}
[3.168182] (linorobot2_navigation) JobSkipped: {'identifier': 'linorobot2_navigation'}
[3.168513] (micro_ros_setup) JobSkipped: {'identifier': 'micro_ros_setup'}
[3.168806] (micro_ros_agent) JobSkipped: {'identifier': 'micro_ros_agent'}
[3.169034] (linorobot2_bringup) JobSkipped: {'identifier': 'linorobot2_bringup'}
[3.169159] (-) EventReactorShutdown: {}
